********************************************************************************
Field Output Report, written Thu Feb 07 00:15:50 2019

Source 1
---------

   ODB: C:/AbaqusTemp/realSimulation/squarePlate_right-parabola.odb
   Step: Step-1
   Frame: Increment      1: Step Time =    1.000

Loc 1 : Nodal values from source 1

Output sorted by column "Node Label".

Field Output reported at nodes for part: PART-1-1

      Node Label     U.Magnitude            U.U1            U.U2
                          @Loc 1          @Loc 1          @Loc 1
-----------------------------------------------------------------
               1      15.625E-03      15.625E-03    -31.3675E-36
               2     12.2808E-03     12.2746E-03    -390.445E-06
               3     10.2495E-03     10.2493E-03    -53.5609E-06
               4     8.72004E-03     8.71939E-03     106.997E-06
               5     7.47746E-03     7.47537E-03     176.483E-06
               6     6.44806E-03     6.44609E-03     159.765E-06
               7     5.58463E-03     5.58398E-03     84.9681E-06
               8     4.85564E-03     4.85557E-03    -25.9273E-06
               9     4.23740E-03     4.23457E-03    -154.924E-06
              10     3.71101E-03     3.69978E-03    -288.387E-06
              11     3.26061E-03     3.23394E-03    -416.208E-06
              12     2.87240E-03     2.82289E-03    -531.006E-06
              13     2.53400E-03     2.45512E-03    -627.351E-06
              14     2.23401E-03     2.12117E-03    -701.044E-06
              15     1.96166E-03     1.81327E-03    -748.448E-06
              16     1.70631E-03     1.52481E-03    -765.810E-06
              17     1.45664E-03     1.24973E-03    -748.324E-06
              18     1.19909E-03     981.220E-06    -689.215E-06
              19     913.041E-06     709.720E-06    -574.405E-06
              20     564.877E-06     406.202E-06    -392.538E-06
              21              0.     511.785E-33    -229.012E-33
              22     12.6562E-03     12.6562E-03    -927.893E-33
              23     11.2861E-03     11.2754E-03     492.546E-06
              24     9.67648E-03     9.65962E-03     570.946E-06
              25     8.36578E-03     8.34112E-03     641.862E-06
              26     7.27109E-03     7.24443E-03     622.137E-06
              27     6.34330E-03     6.32046E-03     537.799E-06
              28     5.54809E-03     5.53307E-03     407.949E-06
              29     4.86201E-03     4.85545E-03     252.464E-06
              30     4.26743E-03     4.26654E-03     87.2055E-06
              31     3.75008E-03     3.74932E-03    -75.6507E-06
              32     3.29763E-03     3.28979E-03    -227.169E-06
              33     2.89895E-03     2.87639E-03    -360.921E-06
              34     2.54370E-03     2.49948E-03    -472.255E-06
              35     2.22201E-03     2.15091E-03    -557.598E-06
              36     1.92419E-03     1.82367E-03    -613.775E-06
              37     1.64026E-03     1.51139E-03    -637.290E-06
              38     1.35920E-03     1.20778E-03    -623.465E-06
              39     1.06746E-03     905.860E-06    -564.704E-06
              40     747.911E-06     597.477E-06    -449.880E-06
              41     371.521E-06     275.570E-06    -249.177E-06
              42              0.     1.42084E-30    -532.593E-33
              43    10.00000E-03    10.00000E-03    -715.160E-33
              44     9.34407E-03     9.31128E-03     782.072E-06
              45     8.48603E-03     8.42433E-03     1.02140E-03
              46     7.56641E-03     7.49373E-03     1.04616E-03
              47     6.72167E-03     6.64993E-03     979.392E-06
              48     5.96302E-03     5.90237E-03     848.299E-06
              49     5.28664E-03     5.24283E-03     679.196E-06
              50     4.68434E-03     4.65851E-03     491.285E-06
              51     4.14776E-03     4.13692E-03     299.669E-06
              52     3.66876E-03     3.66694E-03     115.543E-06
              53     3.23936E-03     3.23892E-03    -53.0157E-06
              54     2.85169E-03     2.84465E-03    -200.305E-06
              55     2.49795E-03     2.47707E-03    -322.267E-06
              56     2.17036E-03     2.13016E-03    -415.809E-06
              57     1.86106E-03     1.79859E-03    -478.148E-06
              58     1.56194E-03     1.47765E-03    -506.179E-06
              59     1.26436E-03     1.16313E-03    -495.725E-06
              60     959.430E-06     851.986E-06    -441.165E-06
              61     638.918E-06     544.539E-06    -334.207E-06
              62     312.245E-06     256.378E-06    -178.234E-06
              63              0.     1.30012E-30    -476.311E-33
              64     7.65625E-03     7.65625E-03    -538.828E-33
              65     7.41060E-03     7.36176E-03     849.398E-06
              66     7.01554E-03     6.91177E-03     1.20214E-03
              67     6.49941E-03     6.37316E-03     1.27480E-03
              68     5.93759E-03     5.81432E-03     1.20363E-03
              69     5.38355E-03     5.27871E-03     1.05729E-03
              70     4.85728E-03     4.77861E-03     870.657E-06
              71     4.36640E-03     4.31514E-03     667.081E-06
              72     3.91234E-03     3.88491E-03     462.488E-06
              73     3.49350E-03     3.48320E-03     268.037E-06
              74     3.10652E-03     3.10517E-03     91.4338E-06
              75     2.74704E-03     2.74634E-03    -62.0562E-06
              76     2.41014E-03     2.40274E-03    -188.798E-06
              77     2.09058E-03     2.07091E-03    -286.106E-06
              78     1.78296E-03     1.74794E-03    -351.665E-06
              79     1.48189E-03     1.43153E-03    -383.054E-06
              80     1.18231E-03     1.12041E-03    -377.541E-06
              81     880.442E-06     815.344E-06    -332.251E-06
              82     577.306E-06     521.624E-06    -247.365E-06
              83     279.722E-06     247.273E-06    -130.769E-06
              84              0.     1.25104E-30    -416.362E-33
              85     5.62500E-03     5.62500E-03    -386.573E-33
              86     5.63196E-03     5.57228E-03     817.758E-06
              87     5.55133E-03     5.41694E-03     1.21409E-03
              88     5.34135E-03     5.17242E-03     1.33272E-03
              89     5.03949E-03     4.87238E-03     1.28701E-03
              90     4.68975E-03     4.54642E-03     1.15058E-03
              91     4.32302E-03     4.21327E-03     967.906E-06
              92     3.95640E-03     3.88149E-03     766.216E-06
              93     3.59870E-03     3.55436E-03     563.228E-06
              94     3.25371E-03     3.23254E-03     370.613E-06
              95     2.92218E-03     2.91560E-03     196.074E-06
              96     2.60310E-03     2.60271E-03     44.6650E-06
              97     2.29443E-03     2.29303E-03    -80.2778E-06
              98     1.99369E-03     1.98586E-03    -176.444E-06
              99     1.69820E-03     1.68086E-03    -242.053E-06
             100     1.40553E-03     1.37825E-03    -275.588E-06
             101     1.11396E-03     1.07926E-03    -275.868E-06
             102     823.569E-06     786.913E-06    -242.970E-06
             103     537.050E-06     505.999E-06    -179.965E-06
             104     260.190E-06     242.301E-06    -94.8126E-06
             105              0.     1.21774E-30    -370.486E-33
             106     3.90625E-03     3.90625E-03    -253.273E-33
             107     4.07896E-03     4.01277E-03     731.828E-06
             108     4.20929E-03     4.05748E-03     1.12027E-03
             109     4.22278E-03     4.02963E-03     1.26252E-03
             110     4.12943E-03     3.93729E-03     1.24497E-03
             111     3.96078E-03     3.79539E-03     1.13261E-03
             112     3.74521E-03     3.61750E-03     969.675E-06
             113     3.50255E-03     3.41345E-03     784.994E-06
             114     3.24503E-03     3.18961E-03     597.160E-06
             115     2.97968E-03     2.95019E-03     418.185E-06
             116     2.71022E-03     2.69812E-03     255.770E-06
             117     2.43840E-03     2.43570E-03     114.798E-06
             118     2.16490E-03     2.16490E-03    -1.65597E-06
             119     1.88984E-03     1.88762E-03    -91.6380E-06
             120     1.61323E-03     1.60587E-03    -153.892E-06
             121     1.33533E-03     1.32207E-03    -187.710E-06
             122     1.05706E-03     1.03926E-03    -193.160E-06
             123     780.477E-06     761.347E-06    -171.739E-06
             124     509.030E-06     492.845E-06    -127.339E-06
             125     247.272E-06     238.052E-06    -66.8919E-06
             126              0.     1.19059E-30    -333.610E-33
             127     2.50000E-03     2.50000E-03    -136.327E-33
             128     2.78223E-03     2.71375E-03     613.470E-06
             129     3.05097E-03     2.89659E-03     958.229E-06
             130     3.21878E-03     3.02480E-03     1.10053E-03
             131     3.28220E-03     3.09116E-03     1.10343E-03
             132     3.26137E-03     3.09820E-03     1.01869E-03
             133     3.17815E-03     3.05253E-03     884.698E-06
             134     3.04968E-03     2.96150E-03     728.047E-06
             135     2.88794E-03     2.83184E-03     566.449E-06
             136     2.70094E-03     2.66942E-03     411.395E-06
             137     2.49405E-03     2.47938E-03     270.189E-06
             138     2.27112E-03     2.26633E-03     147.372E-06
             139     2.03507E-03     2.03456E-03     45.6977E-06
             140     1.78843E-03     1.78812E-03    -33.2289E-06
             141     1.53359E-03     1.53103E-03    -88.5827E-06
             142     1.27308E-03     1.26739E-03    -120.221E-06
             143     1.00976E-03     1.00150E-03    -128.854E-06
             144     746.984E-06     737.851E-06    -116.451E-06
             145     488.561E-06     480.803E-06    -86.7211E-06
             146     238.405E-06     234.046E-06    -45.3795E-06
             147              0.     1.16699E-30    -304.881E-33
             148     1.40625E-03     1.40625E-03    -34.6922E-33
             149     1.75725E-03     1.69193E-03     474.635E-06
             150     2.10748E-03     1.96899E-03     751.370E-06
             151     2.37367E-03     2.20675E-03     874.397E-06
             152     2.54820E-03     2.38866E-03     887.496E-06
             153     2.64188E-03     2.50857E-03     828.624E-06
             154     2.66800E-03     2.56689E-03     727.553E-06
             155     2.63813E-03     2.56760E-03     605.949E-06
             156     2.56148E-03     2.51635E-03     478.726E-06
             157     2.44539E-03     2.41938E-03     355.732E-06
             158     2.29593E-03     2.28300E-03     243.251E-06
             159     2.11840E-03     2.11342E-03     145.157E-06
             160     1.91764E-03     1.91658E-03     63.7420E-06
             161     1.69820E-03     1.69820E-03     254.941E-09
             162     1.46449E-03     1.46380E-03    -44.7951E-06
             163     1.22086E-03     1.21876E-03    -71.5484E-06
             164     971.655E-06     968.282E-06    -80.8893E-06
             165     721.172E-06     717.296E-06    -74.6688E-06
             166     473.503E-06     470.186E-06    -55.9477E-06
             167     232.226E-06     230.391E-06    -29.1369E-06
             168              0.     1.14702E-30    -283.155E-33
             169     625.000E-06     625.000E-06     51.8514E-33
             170     1.00978E-03     956.789E-06     322.808E-06
             171     1.39382E-03     1.29502E-03     515.410E-06
             172     1.71545E-03     1.60522E-03     605.012E-06
             173     1.96547E-03     1.86538E-03     619.198E-06
             174     2.14444E-03     2.06376E-03     582.682E-06
             175     2.25597E-03     2.19627E-03     515.558E-06
             176     2.30498E-03     2.26395E-03     432.937E-06
             177     2.29719E-03     2.27106E-03     345.503E-06
             178     2.23879E-03     2.22359E-03     260.430E-06
             179     2.13617E-03     2.12838E-03     182.334E-06
             180     1.99579E-03     1.99252E-03     114.057E-06
             181     1.82400E-03     1.82310E-03     57.2591E-06
             182     1.62700E-03     1.62695E-03     12.8019E-06
             183     1.41079E-03     1.41067E-03    -19.0235E-06
             184     1.18110E-03     1.18047E-03    -38.4234E-06
             185     943.341E-06     942.212E-06    -46.1406E-06
             186     702.506E-06     701.154E-06    -43.5646E-06
             187     462.941E-06     461.774E-06    -32.8545E-06
             188     228.061E-06     227.425E-06    -17.0246E-06
             189              0.     1.13130E-30    -267.117E-33
             190     156.250E-06     156.250E-06     123.045E-33
             191     539.108E-06     513.804E-06     163.225E-06
             192     924.390E-06     886.525E-06     261.860E-06
             193     1.27597E-03     1.23802E-03     308.895E-06
             194     1.57578E-03     1.54343E-03     317.660E-06
             195     1.81296E-03     1.78792E-03     300.309E-06
             196     1.98277E-03     1.96472E-03     266.924E-06
             197     2.08520E-03     2.07300E-03     225.232E-06
             198     2.12366E-03     2.11595E-03     180.784E-06
             199     2.10370E-03     2.09921E-03     137.352E-06
             200     2.03212E-03     2.02978E-03     97.3800E-06
             201     1.91625E-03     1.91523E-03     62.3734E-06
             202     1.76356E-03     1.76324E-03     33.2054E-06
             203     1.58136E-03     1.58132E-03     10.3193E-06
             204     1.37667E-03     1.37666E-03    -6.15294E-06
             205     1.15611E-03     1.15600E-03    -16.3467E-06
             206     925.787E-06     925.556E-06    -20.6760E-06
             207     691.109E-06     690.823E-06    -19.8788E-06
             208     456.604E-06     456.356E-06    -15.0684E-06
             209     225.621E-06     225.487E-06    -7.77722E-06
             210              0.     1.12027E-30    -255.089E-33
             211              0.     457.027E-33     178.330E-33
             212     365.844E-06     365.844E-06    -575.294E-21
             213     749.711E-06     749.711E-06    -1.21171E-18
             214     1.11462E-03     1.11462E-03     171.936E-21
             215     1.43483E-03     1.43483E-03    -760.659E-21
             216     1.69452E-03     1.69452E-03    -898.778E-21
             217     1.88604E-03     1.88604E-03    -61.3067E-21
             218     2.00791E-03     2.00791E-03    -350.812E-21
             219     2.06292E-03     2.06292E-03    -786.959E-21
             220     2.05659E-03     2.05659E-03    -328.763E-21
             221     1.99594E-03     1.99594E-03    -400.352E-21
             222     1.88867E-03     1.88867E-03    -684.963E-21
             223     1.74265E-03     1.74265E-03    -753.151E-21
             224     1.56562E-03     1.56562E-03    -423.960E-21
             225     1.36496E-03     1.36496E-03    -502.441E-21
             226     1.14758E-03     1.14758E-03    -731.627E-21
             227     919.827E-06     919.827E-06     333.853E-21
             228     687.266E-06     687.266E-06     344.856E-21
             229     454.484E-06     454.484E-06     1.13866E-18
             230     224.813E-06     224.813E-06     830.093E-21
             231              0.     1.11382E-30    -245.071E-33
             232     156.250E-06     156.250E-06     216.919E-33
             233     539.108E-06     513.804E-06    -163.225E-06
             234     924.390E-06     886.525E-06    -261.860E-06
             235     1.27597E-03     1.23802E-03    -308.895E-06
             236     1.57578E-03     1.54343E-03    -317.660E-06
             237     1.81296E-03     1.78792E-03    -300.309E-06
             238     1.98277E-03     1.96472E-03    -266.924E-06
             239     2.08520E-03     2.07300E-03    -225.232E-06
             240     2.12366E-03     2.11595E-03    -180.784E-06
             241     2.10370E-03     2.09921E-03    -137.352E-06
             242     2.03212E-03     2.02978E-03    -97.3800E-06
             243     1.91625E-03     1.91523E-03    -62.3734E-06
             244     1.76356E-03     1.76324E-03    -33.2054E-06
             245     1.58136E-03     1.58132E-03    -10.3193E-06
             246     1.37667E-03     1.37666E-03     6.15294E-06
             247     1.15611E-03     1.15600E-03     16.3467E-06
             248     925.787E-06     925.556E-06     20.6760E-06
             249     691.109E-06     690.823E-06     19.8788E-06
             250     456.604E-06     456.356E-06     15.0684E-06
             251     225.621E-06     225.487E-06     7.77722E-06
             252              0.     1.11114E-30    -234.836E-33
             253     625.000E-06     625.000E-06     237.827E-33
             254     1.00978E-03     956.789E-06    -322.808E-06
             255     1.39382E-03     1.29502E-03    -515.410E-06
             256     1.71545E-03     1.60522E-03    -605.012E-06
             257     1.96547E-03     1.86538E-03    -619.198E-06
             258     2.14444E-03     2.06376E-03    -582.682E-06
             259     2.25597E-03     2.19627E-03    -515.558E-06
             260     2.30498E-03     2.26395E-03    -432.937E-06
             261     2.29719E-03     2.27106E-03    -345.503E-06
             262     2.23879E-03     2.22359E-03    -260.430E-06
             263     2.13617E-03     2.12838E-03    -182.334E-06
             264     1.99579E-03     1.99252E-03    -114.057E-06
             265     1.82400E-03     1.82310E-03    -57.2591E-06
             266     1.62700E-03     1.62695E-03    -12.8019E-06
             267     1.41079E-03     1.41067E-03     19.0235E-06
             268     1.18110E-03     1.18047E-03     38.4234E-06
             269     943.341E-06     942.212E-06     46.1406E-06
             270     702.506E-06     701.154E-06     43.5646E-06
             271     462.941E-06     461.774E-06     32.8545E-06
             272     228.061E-06     227.425E-06     17.0246E-06
             273              0.     1.11078E-30    -222.069E-33
             274     1.40625E-03     1.40625E-03     239.850E-33
             275     1.75725E-03     1.69193E-03    -474.635E-06
             276     2.10748E-03     1.96899E-03    -751.370E-06
             277     2.37367E-03     2.20675E-03    -874.397E-06
             278     2.54820E-03     2.38866E-03    -887.496E-06
             279     2.64188E-03     2.50857E-03    -828.624E-06
             280     2.66800E-03     2.56689E-03    -727.553E-06
             281     2.63813E-03     2.56760E-03    -605.949E-06
             282     2.56148E-03     2.51635E-03    -478.726E-06
             283     2.44539E-03     2.41938E-03    -355.732E-06
             284     2.29593E-03     2.28300E-03    -243.251E-06
             285     2.11840E-03     2.11342E-03    -145.157E-06
             286     1.91764E-03     1.91658E-03    -63.7420E-06
             287     1.69820E-03     1.69820E-03    -254.941E-09
             288     1.46449E-03     1.46380E-03     44.7951E-06
             289     1.22086E-03     1.21876E-03     71.5484E-06
             290     971.655E-06     968.282E-06     80.8893E-06
             291     721.172E-06     717.296E-06     74.6688E-06
             292     473.503E-06     470.186E-06     55.9477E-06
             293     232.226E-06     230.391E-06     29.1369E-06
             294              0.     1.11074E-30    -204.516E-33
             295     2.50000E-03     2.50000E-03     221.559E-33
             296     2.78223E-03     2.71375E-03    -613.470E-06
             297     3.05097E-03     2.89659E-03    -958.229E-06
             298     3.21878E-03     3.02480E-03    -1.10053E-03
             299     3.28220E-03     3.09116E-03    -1.10343E-03
             300     3.26137E-03     3.09820E-03    -1.01869E-03
             301     3.17815E-03     3.05253E-03    -884.698E-06
             302     3.04968E-03     2.96150E-03    -728.047E-06
             303     2.88794E-03     2.83184E-03    -566.449E-06
             304     2.70094E-03     2.66942E-03    -411.395E-06
             305     2.49405E-03     2.47938E-03    -270.189E-06
             306     2.27112E-03     2.26633E-03    -147.372E-06
             307     2.03507E-03     2.03456E-03    -45.6977E-06
             308     1.78843E-03     1.78812E-03     33.2289E-06
             309     1.53359E-03     1.53103E-03     88.5827E-06
             310     1.27308E-03     1.26739E-03     120.221E-06
             311     1.00976E-03     1.00150E-03     128.854E-06
             312     746.984E-06     737.851E-06     116.451E-06
             313     488.561E-06     480.803E-06     86.7211E-06
             314     238.405E-06     234.046E-06     45.3795E-06
             315              0.     1.10876E-30    -180.131E-33
             316     3.90625E-03     3.90625E-03     181.217E-33
             317     4.07896E-03     4.01277E-03    -731.828E-06
             318     4.20929E-03     4.05748E-03    -1.12027E-03
             319     4.22278E-03     4.02963E-03    -1.26252E-03
             320     4.12943E-03     3.93729E-03    -1.24497E-03
             321     3.96078E-03     3.79539E-03    -1.13261E-03
             322     3.74521E-03     3.61750E-03    -969.675E-06
             323     3.50255E-03     3.41345E-03    -784.994E-06
             324     3.24503E-03     3.18961E-03    -597.160E-06
             325     2.97968E-03     2.95019E-03    -418.185E-06
             326     2.71022E-03     2.69812E-03    -255.770E-06
             327     2.43840E-03     2.43570E-03    -114.798E-06
             328     2.16490E-03     2.16490E-03     1.65597E-06
             329     1.88984E-03     1.88762E-03     91.6380E-06
             330     1.61323E-03     1.60587E-03     153.892E-06
             331     1.33533E-03     1.32207E-03     187.710E-06
             332     1.05706E-03     1.03926E-03     193.160E-06
             333     780.477E-06     761.347E-06     171.739E-06
             334     509.030E-06     492.845E-06     127.339E-06
             335     247.272E-06     238.052E-06     66.8919E-06
             336              0.     1.10284E-30    -147.211E-33
             337     5.62500E-03     5.62500E-03     117.390E-33
             338     5.63196E-03     5.57228E-03    -817.758E-06
             339     5.55133E-03     5.41694E-03    -1.21409E-03
             340     5.34135E-03     5.17242E-03    -1.33272E-03
             341     5.03949E-03     4.87238E-03    -1.28701E-03
             342     4.68975E-03     4.54642E-03    -1.15058E-03
             343     4.32302E-03     4.21327E-03    -967.906E-06
             344     3.95640E-03     3.88149E-03    -766.216E-06
             345     3.59870E-03     3.55436E-03    -563.228E-06
             346     3.25371E-03     3.23254E-03    -370.613E-06
             347     2.92218E-03     2.91560E-03    -196.074E-06
             348     2.60310E-03     2.60271E-03    -44.6650E-06
             349     2.29443E-03     2.29303E-03     80.2778E-06
             350     1.99369E-03     1.98586E-03     176.444E-06
             351     1.69820E-03     1.68086E-03     242.053E-06
             352     1.40553E-03     1.37825E-03     275.588E-06
             353     1.11396E-03     1.07926E-03     275.868E-06
             354     823.569E-06     786.913E-06     242.970E-06
             355     537.050E-06     505.999E-06     179.965E-06
             356     260.190E-06     242.301E-06     94.8126E-06
             357              0.     1.09187E-30    -104.192E-33
             358     7.65625E-03     7.65625E-03     26.6619E-33
             359     7.41060E-03     7.36176E-03    -849.398E-06
             360     7.01554E-03     6.91177E-03    -1.20214E-03
             361     6.49941E-03     6.37316E-03    -1.27480E-03
             362     5.93759E-03     5.81432E-03    -1.20363E-03
             363     5.38355E-03     5.27871E-03    -1.05729E-03
             364     4.85728E-03     4.77861E-03    -870.657E-06
             365     4.36640E-03     4.31514E-03    -667.081E-06
             366     3.91234E-03     3.88491E-03    -462.488E-06
             367     3.49350E-03     3.48320E-03    -268.037E-06
             368     3.10652E-03     3.10517E-03    -91.4338E-06
             369     2.74704E-03     2.74634E-03     62.0562E-06
             370     2.41014E-03     2.40274E-03     188.798E-06
             371     2.09058E-03     2.07091E-03     286.106E-06
             372     1.78296E-03     1.74794E-03     351.665E-06
             373     1.48189E-03     1.43153E-03     383.054E-06
             374     1.18231E-03     1.12041E-03     377.541E-06
             375     880.442E-06     815.344E-06     332.251E-06
             376     577.306E-06     521.624E-06     247.365E-06
             377     279.722E-06     247.273E-06     130.769E-06
             378              0.     1.07891E-30    -50.9391E-33
             379    10.00000E-03    10.00000E-03    -74.5955E-33
             380     9.34407E-03     9.31128E-03    -782.072E-06
             381     8.48603E-03     8.42433E-03    -1.02140E-03
             382     7.56641E-03     7.49373E-03    -1.04616E-03
             383     6.72167E-03     6.64993E-03    -979.392E-06
             384     5.96302E-03     5.90237E-03    -848.299E-06
             385     5.28664E-03     5.24283E-03    -679.196E-06
             386     4.68434E-03     4.65851E-03    -491.285E-06
             387     4.14776E-03     4.13692E-03    -299.669E-06
             388     3.66876E-03     3.66694E-03    -115.543E-06
             389     3.23936E-03     3.23892E-03     53.0157E-06
             390     2.85169E-03     2.84465E-03     200.305E-06
             391     2.49795E-03     2.47707E-03     322.267E-06
             392     2.17036E-03     2.13016E-03     415.809E-06
             393     1.86106E-03     1.79859E-03     478.148E-06
             394     1.56194E-03     1.47765E-03     506.179E-06
             395     1.26436E-03     1.16313E-03     495.725E-06
             396     959.430E-06     851.986E-06     441.165E-06
             397     638.918E-06     544.539E-06     334.207E-06
             398     312.245E-06     256.378E-06     178.234E-06
             399              0.     1.06881E-30     21.6948E-33
             400     12.6562E-03     12.6562E-03    -308.605E-33
             401     11.2861E-03     11.2754E-03    -492.546E-06
             402     9.67648E-03     9.65962E-03    -570.946E-06
             403     8.36578E-03     8.34112E-03    -641.862E-06
             404     7.27109E-03     7.24443E-03    -622.137E-06
             405     6.34330E-03     6.32046E-03    -537.799E-06
             406     5.54809E-03     5.53307E-03    -407.949E-06
             407     4.86201E-03     4.85545E-03    -252.464E-06
             408     4.26743E-03     4.26654E-03    -87.2055E-06
             409     3.75008E-03     3.74932E-03     75.6507E-06
             410     3.29763E-03     3.28979E-03     227.169E-06
             411     2.89895E-03     2.87639E-03     360.921E-06
             412     2.54370E-03     2.49948E-03     472.255E-06
             413     2.22201E-03     2.15091E-03     557.598E-06
             414     1.92419E-03     1.82367E-03     613.775E-06
             415     1.64026E-03     1.51139E-03     637.290E-06
             416     1.35920E-03     1.20778E-03     623.465E-06
             417     1.06746E-03     905.860E-06     564.704E-06
             418     747.911E-06     597.477E-06     449.880E-06
             419     371.521E-06     275.570E-06     249.177E-06
             420              0.     1.18447E-30     47.0388E-33
             421      15.625E-03      15.625E-03     31.3675E-36
             422     12.2808E-03     12.2746E-03     390.445E-06
             423     10.2495E-03     10.2493E-03     53.5609E-06
             424     8.72004E-03     8.71939E-03    -106.997E-06
             425     7.47746E-03     7.47537E-03    -176.483E-06
             426     6.44806E-03     6.44609E-03    -159.765E-06
             427     5.58463E-03     5.58398E-03    -84.9681E-06
             428     4.85564E-03     4.85557E-03     25.9273E-06
             429     4.23740E-03     4.23457E-03     154.924E-06
             430     3.71101E-03     3.69978E-03     288.387E-06
             431     3.26061E-03     3.23394E-03     416.208E-06
             432     2.87240E-03     2.82289E-03     531.006E-06
             433     2.53400E-03     2.45512E-03     627.351E-06
             434     2.23401E-03     2.12117E-03     701.044E-06
             435     1.96166E-03     1.81327E-03     748.448E-06
             436     1.70631E-03     1.52481E-03     765.810E-06
             437     1.45664E-03     1.24973E-03     748.324E-06
             438     1.19909E-03     981.220E-06     689.215E-06
             439     913.041E-06     709.720E-06     574.405E-06
             440     564.877E-06     406.202E-06     392.538E-06
             441              0.     511.785E-33     229.012E-33


  Minimum                     0.     457.027E-33    -1.33272E-03
         At Node             441             211             340

  Maximum             15.625E-03      15.625E-03     1.33272E-03
         At Node             421             421              88

           Total         1.22316         1.20399     229.012E-33


