********************************************************************************
Field Output Report, written Sun Jan 13 16:05:11 2019

Source 1
---------

   ODB: C:/AbaqusTemp/Job-flatsheet_umat_local_dir_NO.odb
   Step: Step-1
   Frame: Increment      1: Step Time =    1.000

Loc 1 : Nodal values from source 1

Output sorted by column "Node Label".

Field Output reported at nodes for part: PART-1-1

       Node Label  COORD.Magnitude      COORD.COOR1      COORD.COOR2      COORD.COOR3     UR.Magnitude           UR.UR1           UR.UR2           UR.UR3
                            @Loc 1           @Loc 1           @Loc 1           @Loc 1           @Loc 1           @Loc 1           @Loc 1           @Loc 1
----------------------------------------------------------------------------------------------------------------------------------------------------------
                1       67.3145599             62.5              25.               0.   244.978487E-03   1.99449154E-15   807.823898E-18  -244.978487E-03
                2       58.1485176             52.5              25.              -0.   244.978487E-03   1.02393472E-15  -324.753808E-18  -244.978487E-03
                3       49.3077087             42.5              25.              -0.   244.978487E-03   1.69904782E-15   520.214814E-18  -244.978487E-03
                4       41.0030479             32.5              25.              -0.   244.978487E-03   1.28008024E-15  -130.391577E-18  -244.978487E-03
                5       33.6340599             22.5              25.              -0.   244.978487E-03   1.52548781E-15   368.425768E-18  -244.978487E-03
                6       27.9508495             12.5              25.              -0.   244.978487E-03   1.36275351E-15  -39.0317381E-18  -244.978487E-03
                7       25.1246891              2.5              25.              -0.   244.978487E-03   1.41860083E-15   277.847427E-18  -244.978487E-03
                8       26.1007671             -7.5              25.              -0.   244.978487E-03   1.48552935E-15   94.9987684E-18  -244.978487E-03
                9       30.5163898            -17.5              25.              -0.   244.978487E-03   1.27285049E-15   172.621000E-18  -244.978487E-03
               10       37.1651726            -27.5              25.              -0.   244.978487E-03   1.60301928E-15   157.082392E-18  -244.978487E-03
               11       45.0693893            -37.5              25.               0.   244.978487E-03   2.77791020E-15  -2.11156695E-15  -244.978487E-03
               12       59.4243202             57.5              15.              -0.   244.978487E-03  -1.71272952E-15  -259.742018E-18  -244.978487E-03
               13       49.8121452             47.5              15.  -15.5075106E-18   244.978487E-03  -1.29333683E-15  -206.002383E-18  -244.978487E-03
               14       40.3887367             37.5              15.  -31.1826213E-18   244.978487E-03  -1.44353843E-15  -80.1785969E-18  -244.978487E-03
               15       31.3249111             27.5              15.  -41.3403794E-18   244.978487E-03  -1.47258605E-15  -362.372421E-18  -244.978487E-03
               16       23.0488605             17.5              15.   7.11338186E-18   244.978487E-03  -1.32380386E-15   37.4121913E-18  -244.978487E-03
               17       16.7705097              7.5              15.   49.0300257E-18   244.978487E-03  -1.54088179E-15  -418.407303E-18  -244.978487E-03
               18       15.2069063             -2.5              15.   96.1524472E-18   244.978487E-03  -1.23848732E-15   101.439197E-18  -244.978487E-03
               19       19.5256233            -12.5              15.   142.758748E-18   244.978487E-03  -1.69495062E-15  -543.772335E-18  -244.978487E-03
               20       27.0416355            -22.5              15.   96.1373925E-18   244.978487E-03  -1.10514252E-15   200.692281E-18  -244.978487E-03
               21       35.7945518            -32.5              15.   44.4115025E-18   244.978487E-03  -1.77097035E-15  -632.323648E-18  -244.978487E-03
               22       45.0693893            -42.5              15.              -0.   244.978487E-03  -1.06494234E-15   308.253924E-18  -244.978487E-03
               23       52.7375565             52.5               5.              -0.   244.978487E-03   1.69763444E-15   545.903258E-18  -244.978487E-03
               24       42.7931061             42.5               5.  -33.3593570E-18   244.978487E-03   1.25238755E-15  -95.8418706E-18  -244.978487E-03
               25       32.8823662             32.5               5.  -58.5099655E-18   244.978487E-03   1.49708923E-15   392.662346E-18  -244.978487E-03
               26       23.0488605             22.5               5.   21.1758518E-18   244.978487E-03   1.38514461E-15   31.6902951E-18  -244.978487E-03
               27       13.4629116             12.5               5.   124.007728E-18   244.978487E-03   1.38828308E-15   297.148766E-18  -244.978487E-03
               28       5.59016991              2.5               5.   189.208539E-18   244.978487E-03   1.50257197E-15   104.960445E-18  -244.978487E-03
               29       9.01387787             -7.5               5.   243.268498E-18   244.978487E-03   1.28827369E-15   179.898548E-18  -244.978487E-03
               30       18.2002754            -17.5               5.   185.403151E-18   244.978487E-03   1.62087134E-15   193.510752E-18  -244.978487E-03
               31       27.9508495            -27.5               5.   65.0162241E-18   244.978487E-03   1.21012516E-15   82.2568253E-18  -244.978487E-03
               32       37.8318634            -37.5               5.   3.18945210E-18   244.978487E-03   1.69186276E-15   266.450148E-18  -244.978487E-03
               33       47.7624321            -47.5               5.               0.   244.978487E-03   1.17362291E-15   67.4994004E-18  -244.978487E-03
               34       47.7624321             47.5              -5.              -0.   244.978487E-03  -1.48906666E-15  -62.1745146E-18  -244.978487E-03
               35       37.8318634             37.5              -5.   2.04428548E-18   244.978487E-03  -1.49702221E-15  -354.986082E-18  -244.978487E-03
               36       27.9508495             27.5              -5.   33.6151014E-18   244.978487E-03  -1.32987656E-15   78.9295873E-18  -244.978487E-03
               37       18.2002754             17.5              -5.   164.711208E-18   244.978487E-03  -1.60108381E-15  -435.627721E-18  -244.978487E-03
               38       9.01387787              7.5              -5.   206.909225E-18   244.978487E-03  -1.22269809E-15   147.889451E-18  -244.978487E-03
               39       5.59016991             -2.5              -5.   215.049344E-18   244.978487E-03  -1.68472852E-15  -518.755588E-18  -244.978487E-03
               40       13.4629116            -12.5              -5.   140.344717E-18   244.978487E-03  -1.09938407E-15   209.436493E-18  -244.978487E-03
               41       23.0488605            -22.5              -5.   25.1875487E-18   244.978487E-03  -1.75633489E-15  -621.129472E-18  -244.978487E-03
               42       32.8823662            -32.5              -5.  -54.5678940E-18   244.978487E-03  -1.02588184E-15   270.319448E-18  -244.978487E-03
               43       42.7931061            -42.5              -5.  -33.6565001E-18   244.978487E-03  -1.79980081E-15  -646.042723E-18  -244.978487E-03
               44       52.7375565            -52.5              -5.               0.   244.978487E-03  -1.03456138E-15   280.739329E-18  -244.978487E-03
               45       45.0693893             42.5             -15.              -0.   244.978487E-03   1.56678109E-15   375.720893E-18  -244.978487E-03
               46       35.7945518             32.5             -15.   33.2718611E-18   244.978487E-03   1.39922241E-15   32.7495628E-18  -244.978487E-03
               47       27.0416355             22.5             -15.   89.5082281E-18   244.978487E-03   1.40751984E-15   320.782097E-18  -244.978487E-03
               48       19.5256233             12.5             -15.   137.970298E-18   244.978487E-03   1.48779971E-15   104.312280E-18  -244.978487E-03
               49       15.2069063              2.5             -15.   132.074393E-18   244.978487E-03   1.34550252E-15   255.022695E-18  -244.978487E-03
               50       16.7705097             -7.5             -15.   66.2835574E-18   244.978487E-03   1.55213663E-15   161.446147E-18  -244.978487E-03
               51       23.0488605            -17.5             -15.   22.2631046E-18   244.978487E-03   1.21156829E-15   128.222484E-18  -244.978487E-03
               52       31.3249111            -27.5             -15.  -31.6793962E-18   244.978487E-03   1.66719113E-15   271.898635E-18  -244.978487E-03
               53       40.3887367            -37.5             -15.  -24.2289324E-18   244.978487E-03   1.15091269E-15   93.7383503E-18  -244.978487E-03
               54       49.8121452            -47.5             -15.  -18.2673756E-18   244.978487E-03   1.66869980E-15   274.121223E-18  -244.978487E-03
               55       59.4243202            -57.5             -15.               0.   244.978487E-03   1.21852190E-15   101.957217E-18  -244.978487E-03
               56       45.0693893             37.5             -25.               0.   244.978487E-03  -2.88816614E-15   2.22576584E-15  -244.978487E-03
               57       37.1651726             27.5             -25.              -0.   244.978487E-03  -1.59666049E-15  -401.421593E-18  -244.978487E-03
               58       30.5163898             17.5             -25.              -0.   244.978487E-03  -1.22309292E-15   148.336367E-18  -244.978487E-03
               59       26.1007671              7.5             -25.              -0.   244.978487E-03  -1.64046946E-15  -488.156893E-18  -244.978487E-03
               60       25.1246891             -2.5             -25.              -0.   244.978487E-03  -1.15388186E-15   209.405298E-18  -244.978487E-03
               61       27.9508495            -12.5             -25.              -0.   244.978487E-03  -1.73722434E-15  -548.586818E-18  -244.978487E-03
               62       33.6340599            -22.5             -25.              -0.   244.978487E-03  -1.05361401E-15   301.551405E-18  -244.978487E-03
               63       41.0030479            -32.5             -25.              -0.   244.978487E-03  -1.82925320E-15  -610.956712E-18  -244.978487E-03
               64       49.3077087            -42.5             -25.              -0.   244.978487E-03  -1.04522532E-15   302.930481E-18  -244.978487E-03
               65       58.1485176            -52.5             -25.               0.   244.978487E-03  -1.76786872E-15  -585.416710E-18  -244.978487E-03
               66       67.3145599            -62.5             -25.               0.   244.978487E-03  -1.12960356E-15   196.413970E-18  -244.978487E-03


  Minimum               5.59016991            -62.5             -25.  -58.5099655E-18   244.978487E-03  -2.88816614E-15  -2.11156695E-15  -244.978487E-03
          At Node               39               66               66               25               66               56               11               66

  Maximum               67.3145599             62.5              25.   243.268498E-18   244.978487E-03   2.77791020E-15   2.22576584E-15  -244.978487E-03
          At Node               66                1               11               29               66               11               56               66

            Total   2.23203402E+03               0.               0.   2.19380588E-15       16.1685802   560.560052E-18   1.22284222E-15      -16.1685802


