********************************************************************************
Field Output Report, written Sat Jan 12 19:44:26 2019

Source 1
---------

   ODB: C:/AbaqusTemp/Job-flatsheet_avg_at_node.odb
   Step: Step-1
   Frame: Increment      1: Step Time =    1.000

Loc 1 : Nodal values from source 1

Output sorted by column "Node Label".

Field Output reported at nodes for part: PART-1-1

       Node Label  COORD.Magnitude      COORD.COOR1      COORD.COOR2      COORD.COOR3     UR.Magnitude           UR.UR1           UR.UR2           UR.UR3
                            @Loc 1           @Loc 1           @Loc 1           @Loc 1           @Loc 1           @Loc 1           @Loc 1           @Loc 1
----------------------------------------------------------------------------------------------------------------------------------------------------------
                1       67.3145599             62.5              25.               0.   244.978487E-03  -46.5729155E-18   17.4154755E-18  -244.978487E-03
                2       58.1485176             52.5              25.              -0.   244.978487E-03  -65.0451688E-18  -26.2849362E-18  -244.978487E-03
                3       49.3077087             42.5              25.              -0.   244.978487E-03  -68.7604935E-18   15.4184481E-18  -244.978487E-03
                4       41.0030479             32.5              25.              -0.   244.978487E-03  -81.4572792E-18  -72.7214711E-18  -244.978487E-03
                5       33.6340599             22.5              25.              -0.   244.978487E-03  -11.8873596E-18   70.7444895E-18  -244.978487E-03
                6       27.9508495             12.5              25.              -0.   244.978487E-03  -126.498005E-18  -113.640045E-18  -244.978487E-03
                7       25.1246891              2.5              25.              -0.   244.978487E-03   10.1098089E-18   66.6836614E-18  -244.978487E-03
                8       26.1007671             -7.5              25.              -0.   244.978487E-03  -95.9803671E-18  -70.1040532E-18  -244.978487E-03
                9       30.5163898            -17.5              25.              -0.   244.978487E-03  -54.5141571E-18   23.8598196E-18  -244.978487E-03
               10       37.1651726            -27.5              25.              -0.   244.978487E-03  -71.0909128E-18  -52.9939910E-18  -244.978487E-03
               11       45.0693893            -37.5              25.              -0.   244.978487E-03   34.2081270E-18  -116.769540E-18  -244.978487E-03
               12       59.4243202             57.5              15.              -0.   244.978487E-03   67.6830345E-18   39.4450174E-18  -244.978487E-03
               13       49.8121452             47.5              15.   16.7345685E-18   244.978487E-03   50.0292169E-18  -18.9529528E-18  -244.978487E-03
               14       40.3887367             37.5              15.   51.7217806E-18   244.978487E-03   75.0240375E-18   29.6614064E-18  -244.978487E-03
               15       31.3249111             27.5              15.   3.88366178E-18   244.978487E-03   69.8006235E-18  -22.6226701E-18  -244.978487E-03
               16       23.0488605             17.5              15.  -2.15950140E-18   244.978487E-03   41.4805004E-18   25.2873348E-18  -244.978487E-03
               17       16.7705097              7.5              15.   20.8936806E-18   244.978487E-03   85.4063255E-18  -19.1901253E-18  -244.978487E-03
               18       15.2069063             -2.5              15.  -22.3329865E-18   244.978487E-03   47.9945246E-18   29.8942610E-18  -244.978487E-03
               19       19.5256233            -12.5              15.   3.35693219E-18   244.978487E-03   42.9511283E-18  -34.1336014E-18  -244.978487E-03
               20       27.0416355            -22.5              15.   9.50993007E-18   244.978487E-03   89.4907845E-18   52.3144787E-18  -244.978487E-03
               21       35.7945518            -32.5              15.  -12.6979478E-18   244.978487E-03   29.5913839E-18  -52.6050805E-18  -244.978487E-03
               22       45.0693893            -42.5              15.               0.   244.978487E-03   83.0222850E-18   69.0872233E-18  -244.978487E-03
               23       52.7375565             52.5               5.              -0.   244.978487E-03  -17.4380228E-18   44.9264025E-18  -244.978487E-03
               24       42.7931061             42.5               5.   33.4550254E-18   244.978487E-03  -58.7655643E-18  -44.5580524E-18  -244.978487E-03
               25       32.8823662             32.5               5.   6.23419310E-18   244.978487E-03  -30.2428746E-18   22.3780893E-18  -244.978487E-03
               26       23.0488605             22.5               5.  -68.2762819E-18   244.978487E-03  -87.9937199E-18  -61.4019941E-18  -244.978487E-03
               27       13.4629116             12.5               5.   15.9969054E-18   244.978487E-03  -3.01382636E-18   66.9050480E-18  -244.978487E-03
               28       5.59016991              2.5               5.  -27.0489218E-18   244.978487E-03  -102.576365E-18  -88.8040790E-18  -244.978487E-03
               29       9.01387787             -7.5               5.  -51.2185471E-18   244.978487E-03  -23.1006068E-18   60.9937507E-18  -244.978487E-03
               30       18.2002754            -17.5               5.   33.2439785E-18   244.978487E-03  -63.6828619E-18  -47.1539106E-18  -244.978487E-03
               31       27.9508495            -27.5               5.  -40.6615089E-18   244.978487E-03  -64.1801033E-18   11.4513436E-18  -244.978487E-03
               32       37.8318634            -37.5               5.  -44.7124076E-18   244.978487E-03  -67.8267588E-18  -31.0967599E-18  -244.978487E-03
               33       47.7624321            -47.5               5.               0.   244.978487E-03  -89.4312473E-18   19.7175539E-18  -244.978487E-03
               34       47.7624321             47.5              -5.              -0.   244.978487E-03   88.1051312E-18   45.5398926E-18  -244.978487E-03
               35       37.8318634             37.5              -5.  -18.7621520E-18   244.978487E-03   64.8716528E-18  -29.1668417E-18  -244.978487E-03
               36       27.9508495             27.5              -5.  -66.6051586E-18   244.978487E-03   61.6993225E-18   26.8791629E-18  -244.978487E-03
               37       18.2002754             17.5              -5.  -41.0405396E-18   244.978487E-03   78.9539130E-18   6.41810968E-18  -244.978487E-03
               38       9.01387787              7.5              -5.   396.183014E-21   244.978487E-03   33.1447599E-18   11.9817343E-18  -244.978487E-03
               39       5.59016991             -2.5              -5.  -92.9786346E-18   244.978487E-03   66.8547753E-18  -19.2160459E-18  -244.978487E-03
               40       13.4629116            -12.5              -5.  -13.2383160E-18   244.978487E-03   72.7253356E-18   61.4836070E-18  -244.978487E-03
               41       23.0488605            -22.5              -5.  -45.5908469E-18   244.978487E-03   24.6402943E-18  -60.7500963E-18  -244.978487E-03
               42       32.8823662            -32.5              -5.  -98.2000434E-18   244.978487E-03   98.2367173E-18   72.7937137E-18  -244.978487E-03
               43       42.7931061            -42.5              -5.  -29.9679893E-18   244.978487E-03   17.8377198E-18  -41.7625955E-18  -244.978487E-03
               44       52.7375565            -52.5              -5.               0.   244.978487E-03   84.0395849E-18   71.6886335E-18  -244.978487E-03
               45       45.0693893             42.5             -15.              -0.   244.978487E-03  -17.4243991E-18   40.5004502E-18  -244.978487E-03
               46       35.7945518             32.5             -15.  -22.5905408E-18   244.978487E-03  -81.7489364E-18  -60.3256799E-18  -244.978487E-03
               47       27.0416355             22.5             -15.  -31.3594924E-18   244.978487E-03  -23.0147239E-18   58.6163740E-18  -244.978487E-03
               48       19.5256233             12.5             -15.  -11.7216307E-18   244.978487E-03  -114.756752E-18  -69.7470421E-18  -244.978487E-03
               49       15.2069063              2.5             -15.  -29.7245467E-18   244.978487E-03  -11.8602488E-18   58.3328033E-18  -244.978487E-03
               50       16.7705097             -7.5             -15.  -46.8488993E-18   244.978487E-03  -91.1285359E-18  -56.1509986E-18  -244.978487E-03
               51       23.0488605            -17.5             -15.  -3.37677232E-18   244.978487E-03  -59.7855971E-18   38.2931883E-18  -244.978487E-03
               52       31.3249111            -27.5             -15.  -57.7830855E-18   244.978487E-03  -54.2063632E-18  -36.8115093E-18  -244.978487E-03
               53       40.3887367            -37.5             -15.  -12.1046658E-18   244.978487E-03  -91.5293877E-18   21.3542250E-18  -244.978487E-03
               54       49.8121452            -47.5             -15.   14.7785842E-18   244.978487E-03  -60.7204502E-18  -17.7819364E-18  -244.978487E-03
               55       59.4243202            -57.5             -15.               0.   244.978487E-03  -105.805552E-18  -13.5122774E-18  -244.978487E-03
               56       45.0693893             37.5             -25.              -0.   244.978487E-03  -31.0819302E-18   159.820784E-18  -244.978487E-03
               57       37.1651726             27.5             -25.              -0.   244.978487E-03   63.3767058E-18  -6.54416373E-18  -244.978487E-03
               58       30.5163898             17.5             -25.              -0.   244.978487E-03   36.2041966E-18   29.5168185E-18  -244.978487E-03
               59       26.1007671              7.5             -25.              -0.   244.978487E-03   89.1164158E-18   13.8826301E-18  -244.978487E-03
               60       25.1246891             -2.5             -25.               0.   244.978487E-03   44.8791804E-18   26.3284393E-18  -244.978487E-03
               61       27.9508495            -12.5             -25.              -0.   244.978487E-03   23.8062134E-18  -28.7443840E-18  -244.978487E-03
               62       33.6340599            -22.5             -25.              -0.   244.978487E-03   113.926117E-18   93.8853900E-18  -244.978487E-03
               63       41.0030479            -32.5             -25.               0.   244.978487E-03  -15.6193537E-18  -87.5443491E-18  -244.978487E-03
               64       49.3077087            -42.5             -25.              -0.   244.978487E-03   126.943703E-18   116.224077E-18  -244.978487E-03
               65       58.1485176            -52.5             -25.               0.   244.978487E-03   16.2424871E-18  -75.9237718E-18  -244.978487E-03
               66       67.3145599            -62.5             -25.               0.   244.978487E-03   143.548222E-18   96.1703209E-18  -244.978487E-03


  Minimum               5.59016991            -62.5             -25.  -98.2000434E-18   244.978487E-03  -126.498005E-18  -116.769540E-18  -244.978487E-03
          At Node               39               66               66               42               66                6               11               66

  Maximum               67.3145599             62.5              25.   51.7217806E-18   244.978487E-03   143.548222E-18   159.820784E-18  -244.978487E-03
          At Node               66                1               11               14               66               66               56               66

            Total   2.23203402E+03               0.               0.  -680.795993E-18       16.1685802   87.2033882E-18   238.879204E-18      -16.1685802


