********************************************************************************
Field Output Report, written Sun Jan 13 14:46:03 2019

Source 1
---------

   ODB: C:/AbaqusTemp/Job-flatsheet_local_dir_NO.odb
   Step: Step-1
   Frame: Increment      1: Step Time =    1.000

Loc 1 : Nodal values from source 1

Output sorted by column "Node Label".

Field Output reported at nodes for part: PART-1-1

      Node Label     COORD.COOR1     COORD.COOR2     COORD.COOR3    UR.Magnitude          UR.UR1          UR.UR2          UR.UR3
                          @Loc 1          @Loc 1          @Loc 1          @Loc 1          @Loc 1          @Loc 1          @Loc 1
---------------------------------------------------------------------------------------------------------------------------------
               1            62.5             25.              0.     244.978E-03    -46.5729E-18     17.4155E-18    -244.978E-03
               2            52.5             25.             -0.     244.978E-03    -65.0452E-18    -26.2849E-18    -244.978E-03
               3            42.5             25.             -0.     244.978E-03    -68.7605E-18     15.4184E-18    -244.978E-03
               4            32.5             25.             -0.     244.978E-03    -81.4573E-18    -72.7215E-18    -244.978E-03
               5            22.5             25.             -0.     244.978E-03    -11.8874E-18     70.7445E-18    -244.978E-03
               6            12.5             25.             -0.     244.978E-03    -126.498E-18    -113.640E-18    -244.978E-03
               7             2.5             25.             -0.     244.978E-03     10.1098E-18     66.6837E-18    -244.978E-03
               8            -7.5             25.             -0.     244.978E-03    -95.9804E-18    -70.1041E-18    -244.978E-03
               9           -17.5             25.             -0.     244.978E-03    -54.5142E-18     23.8598E-18    -244.978E-03
              10           -27.5             25.             -0.     244.978E-03    -71.0909E-18    -52.9940E-18    -244.978E-03
              11           -37.5             25.             -0.     244.978E-03     34.2081E-18    -116.770E-18    -244.978E-03
              12            57.5             15.             -0.     244.978E-03     67.6830E-18     39.4450E-18    -244.978E-03
              13            47.5             15.     16.7346E-18     244.978E-03     50.0292E-18    -18.9530E-18    -244.978E-03
              14            37.5             15.     51.7218E-18     244.978E-03     75.0240E-18     29.6614E-18    -244.978E-03
              15            27.5             15.     3.88366E-18     244.978E-03     69.8006E-18    -22.6227E-18    -244.978E-03
              16            17.5             15.    -2.15950E-18     244.978E-03     41.4805E-18     25.2873E-18    -244.978E-03
              17             7.5             15.     20.8937E-18     244.978E-03     85.4063E-18    -19.1901E-18    -244.978E-03
              18            -2.5             15.    -22.3330E-18     244.978E-03     47.9945E-18     29.8943E-18    -244.978E-03
              19           -12.5             15.     3.35693E-18     244.978E-03     42.9511E-18    -34.1336E-18    -244.978E-03
              20           -22.5             15.     9.50993E-18     244.978E-03     89.4908E-18     52.3145E-18    -244.978E-03
              21           -32.5             15.    -12.6979E-18     244.978E-03     29.5914E-18    -52.6051E-18    -244.978E-03
              22           -42.5             15.              0.     244.978E-03     83.0223E-18     69.0872E-18    -244.978E-03
              23            52.5              5.             -0.     244.978E-03    -17.4380E-18     44.9264E-18    -244.978E-03
              24            42.5              5.     33.4550E-18     244.978E-03    -58.7656E-18    -44.5581E-18    -244.978E-03
              25            32.5              5.     6.23419E-18     244.978E-03    -30.2429E-18     22.3781E-18    -244.978E-03
              26            22.5              5.    -68.2763E-18     244.978E-03    -87.9937E-18    -61.4020E-18    -244.978E-03
              27            12.5              5.     15.9969E-18     244.978E-03    -3.01383E-18     66.9050E-18    -244.978E-03
              28             2.5              5.    -27.0489E-18     244.978E-03    -102.576E-18    -88.8041E-18    -244.978E-03
              29            -7.5              5.    -51.2185E-18     244.978E-03    -23.1006E-18     60.9938E-18    -244.978E-03
              30           -17.5              5.     33.2440E-18     244.978E-03    -63.6829E-18    -47.1539E-18    -244.978E-03
              31           -27.5              5.    -40.6615E-18     244.978E-03    -64.1801E-18     11.4513E-18    -244.978E-03
              32           -37.5              5.    -44.7124E-18     244.978E-03    -67.8268E-18    -31.0968E-18    -244.978E-03
              33           -47.5              5.              0.     244.978E-03    -89.4312E-18     19.7176E-18    -244.978E-03
              34            47.5             -5.             -0.     244.978E-03     88.1051E-18     45.5399E-18    -244.978E-03
              35            37.5             -5.    -18.7622E-18     244.978E-03     64.8717E-18    -29.1668E-18    -244.978E-03
              36            27.5             -5.    -66.6052E-18     244.978E-03     61.6993E-18     26.8792E-18    -244.978E-03
              37            17.5             -5.    -41.0405E-18     244.978E-03     78.9539E-18     6.41811E-18    -244.978E-03
              38             7.5             -5.     396.183E-21     244.978E-03     33.1448E-18     11.9817E-18    -244.978E-03
              39            -2.5             -5.    -92.9786E-18     244.978E-03     66.8548E-18    -19.2160E-18    -244.978E-03
              40           -12.5             -5.    -13.2383E-18     244.978E-03     72.7253E-18     61.4836E-18    -244.978E-03
              41           -22.5             -5.    -45.5908E-18     244.978E-03     24.6403E-18    -60.7501E-18    -244.978E-03
              42           -32.5             -5.    -98.2000E-18     244.978E-03     98.2367E-18     72.7937E-18    -244.978E-03
              43           -42.5             -5.    -29.9680E-18     244.978E-03     17.8377E-18    -41.7626E-18    -244.978E-03
              44           -52.5             -5.              0.     244.978E-03     84.0396E-18     71.6886E-18    -244.978E-03
              45            42.5            -15.             -0.     244.978E-03    -17.4244E-18     40.5005E-18    -244.978E-03
              46            32.5            -15.    -22.5905E-18     244.978E-03    -81.7489E-18    -60.3257E-18    -244.978E-03
              47            22.5            -15.    -31.3595E-18     244.978E-03    -23.0147E-18     58.6164E-18    -244.978E-03
              48            12.5            -15.    -11.7216E-18     244.978E-03    -114.757E-18    -69.7470E-18    -244.978E-03
              49             2.5            -15.    -29.7245E-18     244.978E-03    -11.8602E-18     58.3328E-18    -244.978E-03
              50            -7.5            -15.    -46.8489E-18     244.978E-03    -91.1285E-18    -56.1510E-18    -244.978E-03
              51           -17.5            -15.    -3.37677E-18     244.978E-03    -59.7856E-18     38.2932E-18    -244.978E-03
              52           -27.5            -15.    -57.7831E-18     244.978E-03    -54.2064E-18    -36.8115E-18    -244.978E-03
              53           -37.5            -15.    -12.1047E-18     244.978E-03    -91.5294E-18     21.3542E-18    -244.978E-03
              54           -47.5            -15.     14.7786E-18     244.978E-03    -60.7205E-18    -17.7819E-18    -244.978E-03
              55           -57.5            -15.              0.     244.978E-03    -105.806E-18    -13.5123E-18    -244.978E-03
              56            37.5            -25.             -0.     244.978E-03    -31.0819E-18     159.821E-18    -244.978E-03
              57            27.5            -25.             -0.     244.978E-03     63.3767E-18    -6.54416E-18    -244.978E-03
              58            17.5            -25.             -0.     244.978E-03     36.2042E-18     29.5168E-18    -244.978E-03
              59             7.5            -25.             -0.     244.978E-03     89.1164E-18     13.8826E-18    -244.978E-03
              60            -2.5            -25.              0.     244.978E-03     44.8792E-18     26.3284E-18    -244.978E-03
              61           -12.5            -25.             -0.     244.978E-03     23.8062E-18    -28.7444E-18    -244.978E-03
              62           -22.5            -25.             -0.     244.978E-03     113.926E-18     93.8854E-18    -244.978E-03
              63           -32.5            -25.              0.     244.978E-03    -15.6194E-18    -87.5443E-18    -244.978E-03
              64           -42.5            -25.             -0.     244.978E-03     126.944E-18     116.224E-18    -244.978E-03
              65           -52.5            -25.              0.     244.978E-03     16.2425E-18    -75.9238E-18    -244.978E-03
              66           -62.5            -25.              0.     244.978E-03     143.548E-18     96.1703E-18    -244.978E-03


  Minimum                  -62.5            -25.    -98.2000E-18     244.978E-03    -126.498E-18    -116.770E-18    -244.978E-03
         At Node              66              66              42              66               6              11              66

  Maximum                   62.5             25.     51.7218E-18     244.978E-03     143.548E-18     159.821E-18    -244.978E-03
         At Node               1              11              14              66              66              56              66

           Total              0.              0.    -680.796E-18         16.1686     87.2034E-18     238.879E-18        -16.1686


