********************************************************************************
Field Output Report, written Sun Jan 13 14:45:40 2019

Source 1
---------

   ODB: C:/AbaqusTemp/Job-flatsheet_local_dir_NO.odb
   Step: Step-1
   Frame: Increment      0: Step Time =    0.000

Loc 1 : Nodal values from source 1

Output sorted by column "Node Label".

Field Output reported at nodes for part: PART-1-1

      Node Label     COORD.COOR1     COORD.COOR2     COORD.COOR3    UR.Magnitude          UR.UR1          UR.UR2          UR.UR3
                          @Loc 1          @Loc 1          @Loc 1          @Loc 1          @Loc 1          @Loc 1          @Loc 1
---------------------------------------------------------------------------------------------------------------------------------
               1             50.             25.              0.              0.              0.              0.              0.
               2             40.             25.              0.              0.              0.              0.              0.
               3             30.             25.              0.              0.              0.              0.              0.
               4             20.             25.              0.              0.              0.              0.              0.
               5             10.             25.              0.              0.              0.              0.              0.
               6              0.             25.              0.              0.              0.              0.              0.
               7            -10.             25.              0.              0.              0.              0.              0.
               8            -20.             25.              0.              0.              0.              0.              0.
               9            -30.             25.              0.              0.              0.              0.              0.
              10            -40.             25.              0.              0.              0.              0.              0.
              11            -50.             25.              0.              0.              0.              0.              0.
              12             50.             15.              0.              0.              0.              0.              0.
              13             40.             15.              0.              0.              0.              0.              0.
              14             30.             15.              0.              0.              0.              0.              0.
              15             20.             15.              0.              0.              0.              0.              0.
              16             10.             15.              0.              0.              0.              0.              0.
              17              0.             15.              0.              0.              0.              0.              0.
              18            -10.             15.              0.              0.              0.              0.              0.
              19            -20.             15.              0.              0.              0.              0.              0.
              20            -30.             15.              0.              0.              0.              0.              0.
              21            -40.             15.              0.              0.              0.              0.              0.
              22            -50.             15.              0.              0.              0.              0.              0.
              23             50.              5.              0.              0.              0.              0.              0.
              24             40.              5.              0.              0.              0.              0.              0.
              25             30.              5.              0.              0.              0.              0.              0.
              26             20.              5.              0.              0.              0.              0.              0.
              27             10.              5.              0.              0.              0.              0.              0.
              28              0.              5.              0.              0.              0.              0.              0.
              29            -10.              5.              0.              0.              0.              0.              0.
              30            -20.              5.              0.              0.              0.              0.              0.
              31            -30.              5.              0.              0.              0.              0.              0.
              32            -40.              5.              0.              0.              0.              0.              0.
              33            -50.              5.              0.              0.              0.              0.              0.
              34             50.             -5.              0.              0.              0.              0.              0.
              35             40.             -5.              0.              0.              0.              0.              0.
              36             30.             -5.              0.              0.              0.              0.              0.
              37             20.             -5.              0.              0.              0.              0.              0.
              38             10.             -5.              0.              0.              0.              0.              0.
              39              0.             -5.              0.              0.              0.              0.              0.
              40            -10.             -5.              0.              0.              0.              0.              0.
              41            -20.             -5.              0.              0.              0.              0.              0.
              42            -30.             -5.              0.              0.              0.              0.              0.
              43            -40.             -5.              0.              0.              0.              0.              0.
              44            -50.             -5.              0.              0.              0.              0.              0.
              45             50.            -15.              0.              0.              0.              0.              0.
              46             40.            -15.              0.              0.              0.              0.              0.
              47             30.            -15.              0.              0.              0.              0.              0.
              48             20.            -15.              0.              0.              0.              0.              0.
              49             10.            -15.              0.              0.              0.              0.              0.
              50              0.            -15.              0.              0.              0.              0.              0.
              51            -10.            -15.              0.              0.              0.              0.              0.
              52            -20.            -15.              0.              0.              0.              0.              0.
              53            -30.            -15.              0.              0.              0.              0.              0.
              54            -40.            -15.              0.              0.              0.              0.              0.
              55            -50.            -15.              0.              0.              0.              0.              0.
              56             50.            -25.              0.              0.              0.              0.              0.
              57             40.            -25.              0.              0.              0.              0.              0.
              58             30.            -25.              0.              0.              0.              0.              0.
              59             20.            -25.              0.              0.              0.              0.              0.
              60             10.            -25.              0.              0.              0.              0.              0.
              61              0.            -25.              0.              0.              0.              0.              0.
              62            -10.            -25.              0.              0.              0.              0.              0.
              63            -20.            -25.              0.              0.              0.              0.              0.
              64            -30.            -25.              0.              0.              0.              0.              0.
              65            -40.            -25.              0.              0.              0.              0.              0.
              66            -50.            -25.              0.              0.              0.              0.              0.


  Minimum                   -50.            -25.              0.              0.              0.              0.              0.
         At Node              66              66              66              66              66              66              66

  Maximum                    50.             25.              0.              0.              0.              0.              0.
         At Node              56              11              66              66              66              66              66

           Total              0.              0.              0.              0.              0.              0.              0.


